2022-12-13 19:50:36.911 [info] Log level: Info
2022-12-13 19:50:36.911 [info] Validating found git in: "git"
2022-12-13 19:50:36.911 [info] Using git "2.38.1" from "git"
2022-12-13 19:50:36.911 [info] > git rev-parse --show-toplevel [126ms]
2022-12-13 19:50:36.911 [info] > git rev-parse --git-dir --git-common-dir [2ms]
2022-12-13 19:50:36.911 [info] Open repository: /home/kumudinicloud001
2022-12-13 19:50:36.911 [info] > git config --get commit.template [23ms]
2022-12-13 19:50:36.911 [info] > git rev-parse --show-toplevel [33ms]
2022-12-13 19:50:36.911 [warning] No remotes found in the git config file.
2022-12-13 19:50:36.912 [info] > git remote --verbose [19ms]
2022-12-13 19:50:36.912 [info] > git for-each-ref --format=%(refname)%00%(upstream:short)%00%(objectname)%00%(upstream:track)%00%(upstream:remotename)%00%(upstream:remoteref) refs/heads/master refs/remotes/master [37ms]
2022-12-13 19:50:36.912 [info] > git rev-parse --show-toplevel [72ms]
2022-12-13 19:50:36.912 [info] > git for-each-ref --sort -committerdate --format %(refname) %(objectname) %(*objectname) [23ms]
2022-12-13 19:50:36.912 [info] > git status -z -uall [85ms]
2022-12-13 19:50:36.912 [info] > git rev-parse --show-toplevel [62ms]
2022-12-13 19:50:36.912 [info] > git rev-parse --show-toplevel [22ms]
2022-12-13 19:50:36.912 [info] > git config --get commit.template [10ms]
2022-12-13 19:50:36.912 [warning] No remotes found in the git config file.
2022-12-13 19:50:36.912 [info] > git for-each-ref --format=%(refname)%00%(upstream:short)%00%(objectname)%00%(upstream:track)%00%(upstream:remotename)%00%(upstream:remoteref) refs/heads/master refs/remotes/master [9ms]
2022-12-13 19:50:36.912 [info] > git remote --verbose [4ms]
2022-12-13 19:50:36.912 [info] > git for-each-ref --sort -committerdate --format %(refname) %(objectname) %(*objectname) [8ms]
2022-12-13 19:50:36.912 [info] > git status -z -uall [43ms]
2022-12-13 19:50:36.912 [info] > git show --textconv :project_001/file1-3 [9ms]
2022-12-13 19:50:36.912 [info] > git ls-files --stage -- /home/kumudinicloud001/project_001/file1-3 [4ms]
2022-12-13 19:50:36.913 [info] > git cat-file -s e69de29bb2d1d6434b8b29ae775ad8c2e48c5391 [4ms]
2022-12-13 19:50:37.281 [info] > git check-ignore -v -z --stdin [3ms]
2022-12-13 19:50:39.044 [info] > git show --textconv :project_001/file1-1 [9ms]
2022-12-13 19:50:39.046 [info] > git ls-files --stage -- /home/kumudinicloud001/project_001/file1-1 [3ms]
2022-12-13 19:50:39.055 [info] > git cat-file -s aef5d51758a66e1cd094686cde2b64bfa8031ecf [3ms]
2022-12-13 19:50:39.658 [warning] No remotes found in the git config file.
2022-12-13 19:50:39.659 [info] > git config --get commit.template [15ms]
2022-12-13 19:50:39.659 [info] > git for-each-ref --format=%(refname)%00%(upstream:short)%00%(objectname)%00%(upstream:track)%00%(upstream:remotename)%00%(upstream:remoteref) refs/heads/master refs/remotes/master [8ms]
2022-12-13 19:50:39.660 [info] > git remote --verbose [3ms]
2022-12-13 19:50:39.677 [info] > git for-each-ref --sort -committerdate --format %(refname) %(objectname) %(*objectname) [3ms]
2022-12-13 19:50:39.690 [info] > git status -z -uall [24ms]
2022-12-13 19:50:44.717 [warning] No remotes found in the git config file.
2022-12-13 19:50:44.718 [info] > git for-each-ref --format=%(refname)%00%(upstream:short)%00%(objectname)%00%(upstream:track)%00%(upstream:remotename)%00%(upstream:remoteref) refs/heads/master refs/remotes/master [8ms]
2022-12-13 19:50:44.718 [info] > git config --get commit.template [15ms]
2022-12-13 19:50:44.719 [info] > git remote --verbose [2ms]
2022-12-13 19:50:44.740 [info] > git for-each-ref --sort -committerdate --format %(refname) %(objectname) %(*objectname) [5ms]
2022-12-13 19:50:44.752 [info] > git status -z -uall [27ms]
2022-12-13 19:50:49.776 [warning] No remotes found in the git config file.
2022-12-13 19:50:49.777 [info] > git for-each-ref --format=%(refname)%00%(upstream:short)%00%(objectname)%00%(upstream:track)%00%(upstream:remotename)%00%(upstream:remoteref) refs/heads/master refs/remotes/master [8ms]
2022-12-13 19:50:49.778 [info] > git config --get commit.template [16ms]
2022-12-13 19:50:49.778 [info] > git remote --verbose [2ms]
2022-12-13 19:50:49.813 [info] > git for-each-ref --sort -committerdate --format %(refname) %(objectname) %(*objectname) [22ms]
2022-12-13 19:50:49.815 [info] > git status -z -uall [31ms]
2022-12-13 19:50:54.839 [warning] No remotes found in the git config file.
2022-12-13 19:50:54.840 [info] > git config --get commit.template [16ms]
2022-12-13 19:50:54.841 [info] > git remote --verbose [2ms]
2022-12-13 19:50:54.841 [info] > git for-each-ref --format=%(refname)%00%(upstream:short)%00%(objectname)%00%(upstream:track)%00%(upstream:remotename)%00%(upstream:remoteref) refs/heads/master refs/remotes/master [10ms]
2022-12-13 19:50:54.859 [info] > git for-each-ref --sort -committerdate --format %(refname) %(objectname) %(*objectname) [4ms]
2022-12-13 19:50:54.873 [info] > git status -z -uall [26ms]
2022-12-13 19:50:59.896 [warning] No remotes found in the git config file.
2022-12-13 19:50:59.898 [info] > git for-each-ref --format=%(refname)%00%(upstream:short)%00%(objectname)%00%(upstream:track)%00%(upstream:remotename)%00%(upstream:remoteref) refs/heads/master refs/remotes/master [7ms]
2022-12-13 19:50:59.899 [info] > git config --get commit.template [15ms]
2022-12-13 19:50:59.899 [info] > git remote --verbose [3ms]
2022-12-13 19:50:59.916 [info] > git for-each-ref --sort -committerdate --format %(refname) %(objectname) %(*objectname) [3ms]
2022-12-13 19:50:59.929 [info] > git status -z -uall [24ms]
2022-12-13 19:51:04.952 [warning] No remotes found in the git config file.
2022-12-13 19:51:04.953 [info] > git for-each-ref --format=%(refname)%00%(upstream:short)%00%(objectname)%00%(upstream:track)%00%(upstream:remotename)%00%(upstream:remoteref) refs/heads/master refs/remotes/master [7ms]
2022-12-13 19:51:04.954 [info] > git config --get commit.template [15ms]
2022-12-13 19:51:04.955 [info] > git remote --verbose [3ms]
2022-12-13 19:51:04.972 [info] > git for-each-ref --sort -committerdate --format %(refname) %(objectname) %(*objectname) [4ms]
2022-12-13 19:51:04.986 [info] > git status -z -uall [24ms]
2022-12-13 19:51:10.008 [warning] No remotes found in the git config file.
2022-12-13 19:51:10.010 [info] > git for-each-ref --format=%(refname)%00%(upstream:short)%00%(objectname)%00%(upstream:track)%00%(upstream:remotename)%00%(upstream:remoteref) refs/heads/master refs/remotes/master [7ms]
2022-12-13 19:51:10.011 [info] > git config --get commit.template [15ms]
2022-12-13 19:51:10.011 [info] > git remote --verbose [3ms]
2022-12-13 19:51:10.028 [info] > git for-each-ref --sort -committerdate --format %(refname) %(objectname) %(*objectname) [5ms]
2022-12-13 19:51:10.042 [info] > git status -z -uall [25ms]
2022-12-13 19:51:15.065 [warning] No remotes found in the git config file.
2022-12-13 19:51:15.066 [info] > git for-each-ref --format=%(refname)%00%(upstream:short)%00%(objectname)%00%(upstream:track)%00%(upstream:remotename)%00%(upstream:remoteref) refs/heads/master refs/remotes/master [8ms]
2022-12-13 19:51:15.067 [info] > git config --get commit.template [16ms]
2022-12-13 19:51:15.067 [info] > git remote --verbose [2ms]
2022-12-13 19:51:15.082 [info] > git for-each-ref --sort -committerdate --format %(refname) %(objectname) %(*objectname) [4ms]
2022-12-13 19:51:15.096 [info] > git status -z -uall [24ms]
2022-12-13 19:51:20.118 [warning] No remotes found in the git config file.
2022-12-13 19:51:20.120 [info] > git for-each-ref --format=%(refname)%00%(upstream:short)%00%(objectname)%00%(upstream:track)%00%(upstream:remotename)%00%(upstream:remoteref) refs/heads/master refs/remotes/master [7ms]
2022-12-13 19:51:20.120 [info] > git config --get commit.template [15ms]
2022-12-13 19:51:20.120 [info] > git remote --verbose [2ms]
2022-12-13 19:51:20.139 [info] > git for-each-ref --sort -committerdate --format %(refname) %(objectname) %(*objectname) [6ms]
2022-12-13 19:51:20.152 [info] > git status -z -uall [26ms]
2022-12-13 19:51:24.802 [info] > git show --textconv :.bash_logout [8ms]
2022-12-13 19:51:24.804 [info] > git ls-files --stage -- /home/kumudinicloud001/.bash_logout [3ms]
2022-12-13 19:51:24.811 [info] > git cat-file -s af7c6fd8fd1d77b1081711bd0e497161446cc7d0 [2ms]
2022-12-13 19:51:25.174 [warning] No remotes found in the git config file.
2022-12-13 19:51:25.175 [info] > git config --get commit.template [14ms]
2022-12-13 19:51:25.176 [info] > git remote --verbose [2ms]
2022-12-13 19:51:25.176 [info] > git for-each-ref --format=%(refname)%00%(upstream:short)%00%(objectname)%00%(upstream:track)%00%(upstream:remotename)%00%(upstream:remoteref) refs/heads/master refs/remotes/master [8ms]
2022-12-13 19:51:25.191 [info] > git for-each-ref --sort -committerdate --format %(refname) %(objectname) %(*objectname) [4ms]
2022-12-13 19:51:25.206 [info] > git status -z -uall [25ms]
2022-12-13 19:53:36.680 [warning] No remotes found in the git config file.
2022-12-13 19:53:36.681 [info] > git for-each-ref --format=%(refname)%00%(upstream:short)%00%(objectname)%00%(upstream:track)%00%(upstream:remotename)%00%(upstream:remoteref) refs/heads/master refs/remotes/master [7ms]
2022-12-13 19:53:36.682 [info] > git config --get commit.template [14ms]
2022-12-13 19:53:36.682 [info] > git remote --verbose [2ms]
2022-12-13 19:53:36.697 [info] > git for-each-ref --sort -committerdate --format %(refname) %(objectname) %(*objectname) [4ms]
2022-12-13 19:53:36.713 [info] > git status -z -uall [26ms]
2022-12-13 19:53:41.735 [warning] No remotes found in the git config file.
2022-12-13 19:53:41.737 [info] > git for-each-ref --format=%(refname)%00%(upstream:short)%00%(objectname)%00%(upstream:track)%00%(upstream:remotename)%00%(upstream:remoteref) refs/heads/master refs/remotes/master [6ms]
2022-12-13 19:53:41.737 [info] > git config --get commit.template [14ms]
2022-12-13 19:53:41.737 [info] > git remote --verbose [2ms]
2022-12-13 19:53:41.753 [info] > git for-each-ref --sort -committerdate --format %(refname) %(objectname) %(*objectname) [4ms]
2022-12-13 19:53:41.767 [info] > git status -z -uall [25ms]
2022-12-13 19:53:46.787 [warning] No remotes found in the git config file.
2022-12-13 19:53:46.789 [info] > git for-each-ref --format=%(refname)%00%(upstream:short)%00%(objectname)%00%(upstream:track)%00%(upstream:remotename)%00%(upstream:remoteref) refs/heads/master refs/remotes/master [6ms]
2022-12-13 19:53:46.789 [info] > git config --get commit.template [13ms]
2022-12-13 19:53:46.789 [info] > git remote --verbose [2ms]
2022-12-13 19:53:46.805 [info] > git for-each-ref --sort -committerdate --format %(refname) %(objectname) %(*objectname) [5ms]
2022-12-13 19:53:46.819 [info] > git status -z -uall [25ms]
2022-12-13 19:53:51.832 [info] > git config --get commit.template [2ms]
2022-12-13 19:53:51.843 [warning] No remotes found in the git config file.
2022-12-13 19:53:51.844 [info] > git for-each-ref --format=%(refname)%00%(upstream:short)%00%(objectname)%00%(upstream:track)%00%(upstream:remotename)%00%(upstream:remoteref) refs/heads/master refs/remotes/master [7ms]
2022-12-13 19:53:51.844 [info] > git remote --verbose [1ms]
2022-12-13 19:53:51.861 [info] > git for-each-ref --sort -committerdate --format %(refname) %(objectname) %(*objectname) [5ms]
2022-12-13 19:53:51.875 [info] > git status -z -uall [25ms]
2022-12-13 19:53:56.895 [warning] No remotes found in the git config file.
2022-12-13 19:53:56.896 [info] > git for-each-ref --format=%(refname)%00%(upstream:short)%00%(objectname)%00%(upstream:track)%00%(upstream:remotename)%00%(upstream:remoteref) refs/heads/master refs/remotes/master [6ms]
2022-12-13 19:53:56.896 [info] > git config --get commit.template [12ms]
2022-12-13 19:53:56.897 [info] > git remote --verbose [2ms]
2022-12-13 19:53:56.913 [info] > git for-each-ref --sort -committerdate --format %(refname) %(objectname) %(*objectname) [6ms]
2022-12-13 19:53:56.926 [info] > git status -z -uall [25ms]
2022-12-13 19:54:01.948 [warning] No remotes found in the git config file.
2022-12-13 19:54:01.949 [info] > git for-each-ref --format=%(refname)%00%(upstream:short)%00%(objectname)%00%(upstream:track)%00%(upstream:remotename)%00%(upstream:remoteref) refs/heads/master refs/remotes/master [7ms]
2022-12-13 19:54:01.950 [info] > git config --get commit.template [14ms]
2022-12-13 19:54:01.950 [info] > git remote --verbose [2ms]
2022-12-13 19:54:01.966 [info] > git for-each-ref --sort -committerdate --format %(refname) %(objectname) %(*objectname) [3ms]
2022-12-13 19:54:01.980 [info] > git status -z -uall [24ms]
2022-12-13 19:54:06.994 [info] > git config --get commit.template [4ms]
2022-12-13 19:54:07.001 [warning] No remotes found in the git config file.
2022-12-13 19:54:07.007 [info] > git remote --verbose [6ms]
2022-12-13 19:54:07.009 [info] > git for-each-ref --format=%(refname)%00%(upstream:short)%00%(objectname)%00%(upstream:track)%00%(upstream:remotename)%00%(upstream:remoteref) refs/heads/master refs/remotes/master [1ms]
2022-12-13 19:54:07.024 [info] > git for-each-ref --sort -committerdate --format %(refname) %(objectname) %(*objectname) [3ms]
2022-12-13 19:54:07.038 [info] > git status -z -uall [24ms]
2022-12-13 19:54:12.059 [warning] No remotes found in the git config file.
2022-12-13 19:54:12.060 [info] > git for-each-ref --format=%(refname)%00%(upstream:short)%00%(objectname)%00%(upstream:track)%00%(upstream:remotename)%00%(upstream:remoteref) refs/heads/master refs/remotes/master [7ms]
2022-12-13 19:54:12.060 [info] > git config --get commit.template [13ms]
2022-12-13 19:54:12.061 [info] > git remote --verbose [2ms]
2022-12-13 19:54:12.075 [info] > git for-each-ref --sort -committerdate --format %(refname) %(objectname) %(*objectname) [3ms]
2022-12-13 19:54:12.090 [info] > git status -z -uall [25ms]
2022-12-13 19:54:17.111 [warning] No remotes found in the git config file.
2022-12-13 19:54:17.112 [info] > git for-each-ref --format=%(refname)%00%(upstream:short)%00%(objectname)%00%(upstream:track)%00%(upstream:remotename)%00%(upstream:remoteref) refs/heads/master refs/remotes/master [6ms]
2022-12-13 19:54:17.112 [info] > git config --get commit.template [13ms]
2022-12-13 19:54:17.112 [info] > git remote --verbose [2ms]
2022-12-13 19:54:17.132 [info] > git for-each-ref --sort -committerdate --format %(refname) %(objectname) %(*objectname) [4ms]
2022-12-13 19:54:17.142 [info] > git status -z -uall [23ms]
2022-12-13 19:54:22.162 [warning] No remotes found in the git config file.
2022-12-13 19:54:22.163 [info] > git for-each-ref --format=%(refname)%00%(upstream:short)%00%(objectname)%00%(upstream:track)%00%(upstream:remotename)%00%(upstream:remoteref) refs/heads/master refs/remotes/master [7ms]
2022-12-13 19:54:22.163 [info] > git config --get commit.template [13ms]
2022-12-13 19:54:22.164 [info] > git remote --verbose [2ms]
2022-12-13 19:54:22.178 [info] > git for-each-ref --sort -committerdate --format %(refname) %(objectname) %(*objectname) [3ms]
2022-12-13 19:54:22.192 [info] > git status -z -uall [24ms]
2022-12-13 19:54:27.213 [warning] No remotes found in the git config file.
2022-12-13 19:54:27.215 [info] > git for-each-ref --format=%(refname)%00%(upstream:short)%00%(objectname)%00%(upstream:track)%00%(upstream:remotename)%00%(upstream:remoteref) refs/heads/master refs/remotes/master [6ms]
2022-12-13 19:54:27.215 [info] > git config --get commit.template [14ms]
2022-12-13 19:54:27.215 [info] > git remote --verbose [2ms]
2022-12-13 19:54:27.230 [info] > git for-each-ref --sort -committerdate --format %(refname) %(objectname) %(*objectname) [4ms]
2022-12-13 19:54:27.244 [info] > git status -z -uall [24ms]
2022-12-13 20:01:57.129 [warning] No remotes found in the git config file.
2022-12-13 20:01:57.131 [info] > git for-each-ref --format=%(refname)%00%(upstream:short)%00%(objectname)%00%(upstream:track)%00%(upstream:remotename)%00%(upstream:remoteref) refs/heads/master refs/remotes/master [6ms]
2022-12-13 20:01:57.131 [info] > git config --get commit.template [14ms]
2022-12-13 20:01:57.131 [info] > git remote --verbose [2ms]
2022-12-13 20:01:57.149 [info] > git for-each-ref --sort -committerdate --format %(refname) %(objectname) %(*objectname) [4ms]
2022-12-13 20:01:57.162 [info] > git status -z -uall [25ms]
2022-12-13 20:02:02.190 [warning] No remotes found in the git config file.
2022-12-13 20:02:02.191 [info] > git for-each-ref --format=%(refname)%00%(upstream:short)%00%(objectname)%00%(upstream:track)%00%(upstream:remotename)%00%(upstream:remoteref) refs/heads/master refs/remotes/master [12ms]
2022-12-13 20:02:02.192 [info] > git config --get commit.template [20ms]
2022-12-13 20:02:02.195 [info] > git remote --verbose [5ms]
2022-12-13 20:02:02.219 [info] > git for-each-ref --sort -committerdate --format %(refname) %(objectname) %(*objectname) [4ms]
2022-12-13 20:02:02.228 [info] > git status -z -uall [26ms]
2022-12-13 20:02:07.252 [warning] No remotes found in the git config file.
2022-12-13 20:02:07.253 [info] > git for-each-ref --format=%(refname)%00%(upstream:short)%00%(objectname)%00%(upstream:track)%00%(upstream:remotename)%00%(upstream:remoteref) refs/heads/master refs/remotes/master [6ms]
2022-12-13 20:02:07.253 [info] > git config --get commit.template [14ms]
2022-12-13 20:02:07.253 [info] > git remote --verbose [2ms]
2022-12-13 20:02:07.269 [info] > git for-each-ref --sort -committerdate --format %(refname) %(objectname) %(*objectname) [4ms]
2022-12-13 20:02:07.283 [info] > git status -z -uall [25ms]
2022-12-13 20:02:12.306 [warning] No remotes found in the git config file.
2022-12-13 20:02:12.308 [info] > git for-each-ref --format=%(refname)%00%(upstream:short)%00%(objectname)%00%(upstream:track)%00%(upstream:remotename)%00%(upstream:remoteref) refs/heads/master refs/remotes/master [6ms]
2022-12-13 20:02:12.308 [info] > git config --get commit.template [14ms]
2022-12-13 20:02:12.308 [info] > git remote --verbose [2ms]
2022-12-13 20:02:12.324 [info] > git for-each-ref --sort -committerdate --format %(refname) %(objectname) %(*objectname) [4ms]
2022-12-13 20:02:12.338 [info] > git status -z -uall [25ms]
2022-12-13 20:07:11.852 [warning] No remotes found in the git config file.
2022-12-13 20:07:11.853 [info] > git for-each-ref --format=%(refname)%00%(upstream:short)%00%(objectname)%00%(upstream:track)%00%(upstream:remotename)%00%(upstream:remoteref) refs/heads/master refs/remotes/master [6ms]
2022-12-13 20:07:11.853 [info] > git config --get commit.template [12ms]
2022-12-13 20:07:11.854 [info] > git remote --verbose [2ms]
2022-12-13 20:07:11.871 [info] > git for-each-ref --sort -committerdate --format %(refname) %(objectname) %(*objectname) [5ms]
2022-12-13 20:07:11.885 [info] > git status -z -uall [26ms]
2022-12-13 20:07:16.907 [warning] No remotes found in the git config file.
2022-12-13 20:07:16.909 [info] > git for-each-ref --format=%(refname)%00%(upstream:short)%00%(objectname)%00%(upstream:track)%00%(upstream:remotename)%00%(upstream:remoteref) refs/heads/master refs/remotes/master [7ms]
2022-12-13 20:07:16.909 [info] > git config --get commit.template [15ms]
2022-12-13 20:07:16.909 [info] > git remote --verbose [2ms]
2022-12-13 20:07:16.928 [info] > git for-each-ref --sort -committerdate --format %(refname) %(objectname) %(*objectname) [4ms]
2022-12-13 20:07:16.940 [info] > git status -z -uall [25ms]
2022-12-13 20:07:21.962 [warning] No remotes found in the git config file.
2022-12-13 20:07:21.964 [info] > git for-each-ref --format=%(refname)%00%(upstream:short)%00%(objectname)%00%(upstream:track)%00%(upstream:remotename)%00%(upstream:remoteref) refs/heads/master refs/remotes/master [7ms]
2022-12-13 20:07:21.964 [info] > git config --get commit.template [14ms]
2022-12-13 20:07:21.965 [info] > git remote --verbose [3ms]
2022-12-13 20:07:21.980 [info] > git for-each-ref --sort -committerdate --format %(refname) %(objectname) %(*objectname) [4ms]
2022-12-13 20:07:21.997 [info] > git status -z -uall [27ms]
2022-12-13 20:07:27.018 [warning] No remotes found in the git config file.
2022-12-13 20:07:27.019 [info] > git for-each-ref --format=%(refname)%00%(upstream:short)%00%(objectname)%00%(upstream:track)%00%(upstream:remotename)%00%(upstream:remoteref) refs/heads/master refs/remotes/master [6ms]
2022-12-13 20:07:27.020 [info] > git config --get commit.template [13ms]
2022-12-13 20:07:27.020 [info] > git remote --verbose [2ms]
2022-12-13 20:07:27.062 [info] > git for-each-ref --sort -committerdate --format %(refname) %(objectname) %(*objectname) [8ms]
2022-12-13 20:07:27.063 [info] > git status -z -uall [30ms]
2022-12-13 20:20:39.063 [warning] No remotes found in the git config file.
2022-12-13 20:20:39.064 [info] > git remote --verbose [2ms]
2022-12-13 20:20:39.064 [info] > git for-each-ref --format=%(refname)%00%(upstream:short)%00%(objectname)%00%(upstream:track)%00%(upstream:remotename)%00%(upstream:remoteref) refs/heads/master refs/remotes/master [9ms]
2022-12-13 20:20:39.065 [info] > git config --get commit.template [16ms]
2022-12-13 20:20:39.091 [info] > git for-each-ref --sort -committerdate --format %(refname) %(objectname) %(*objectname) [7ms]
2022-12-13 20:20:39.103 [info] > git status -z -uall [29ms]
2022-12-13 20:20:44.124 [warning] No remotes found in the git config file.
2022-12-13 20:20:44.125 [info] > git for-each-ref --format=%(refname)%00%(upstream:short)%00%(objectname)%00%(upstream:track)%00%(upstream:remotename)%00%(upstream:remoteref) refs/heads/master refs/remotes/master [7ms]
2022-12-13 20:20:44.125 [info] > git config --get commit.template [13ms]
2022-12-13 20:20:44.126 [info] > git remote --verbose [2ms]
2022-12-13 20:20:44.144 [info] > git for-each-ref --sort -committerdate --format %(refname) %(objectname) %(*objectname) [6ms]
2022-12-13 20:20:44.157 [info] > git status -z -uall [25ms]
2022-12-13 20:20:49.181 [warning] No remotes found in the git config file.
2022-12-13 20:20:49.183 [info] > git for-each-ref --format=%(refname)%00%(upstream:short)%00%(objectname)%00%(upstream:track)%00%(upstream:remotename)%00%(upstream:remoteref) refs/heads/master refs/remotes/master [7ms]
2022-12-13 20:20:49.184 [info] > git config --get commit.template [15ms]
2022-12-13 20:20:49.184 [info] > git remote --verbose [3ms]
2022-12-13 20:20:49.201 [info] > git for-each-ref --sort -committerdate --format %(refname) %(objectname) %(*objectname) [3ms]
2022-12-13 20:20:49.215 [info] > git status -z -uall [25ms]
2022-12-13 20:20:54.236 [warning] No remotes found in the git config file.
2022-12-13 20:20:54.237 [info] > git for-each-ref --format=%(refname)%00%(upstream:short)%00%(objectname)%00%(upstream:track)%00%(upstream:remotename)%00%(upstream:remoteref) refs/heads/master refs/remotes/master [7ms]
2022-12-13 20:20:54.238 [info] > git config --get commit.template [14ms]
2022-12-13 20:20:54.238 [info] > git remote --verbose [2ms]
2022-12-13 20:20:54.255 [info] > git for-each-ref --sort -committerdate --format %(refname) %(objectname) %(*objectname) [3ms]
2022-12-13 20:20:54.268 [info] > git status -z -uall [25ms]
2022-12-13 20:20:59.293 [warning] No remotes found in the git config file.
2022-12-13 20:20:59.294 [info] > git remote --verbose [1ms]
2022-12-13 20:20:59.294 [info] > git for-each-ref --format=%(refname)%00%(upstream:short)%00%(objectname)%00%(upstream:track)%00%(upstream:remotename)%00%(upstream:remoteref) refs/heads/master refs/remotes/master [9ms]
2022-12-13 20:20:59.294 [info] > git config --get commit.template [16ms]
2022-12-13 20:20:59.313 [info] > git for-each-ref --sort -committerdate --format %(refname) %(objectname) %(*objectname) [4ms]
2022-12-13 20:20:59.327 [info] > git status -z -uall [27ms]
2022-12-13 20:21:04.350 [warning] No remotes found in the git config file.
2022-12-13 20:21:04.351 [info] > git for-each-ref --format=%(refname)%00%(upstream:short)%00%(objectname)%00%(upstream:track)%00%(upstream:remotename)%00%(upstream:remoteref) refs/heads/master refs/remotes/master [6ms]
2022-12-13 20:21:04.351 [info] > git config --get commit.template [13ms]
2022-12-13 20:21:04.351 [info] > git remote --verbose [2ms]
2022-12-13 20:21:04.367 [info] > git for-each-ref --sort -committerdate --format %(refname) %(objectname) %(*objectname) [4ms]
2022-12-13 20:21:04.381 [info] > git status -z -uall [25ms]
2022-12-13 20:21:09.401 [warning] No remotes found in the git config file.
2022-12-13 20:21:09.402 [info] > git for-each-ref --format=%(refname)%00%(upstream:short)%00%(objectname)%00%(upstream:track)%00%(upstream:remotename)%00%(upstream:remoteref) refs/heads/master refs/remotes/master [7ms]
2022-12-13 20:21:09.403 [info] > git config --get commit.template [14ms]
2022-12-13 20:21:09.403 [info] > git remote --verbose [2ms]
2022-12-13 20:21:09.421 [info] > git for-each-ref --sort -committerdate --format %(refname) %(objectname) %(*objectname) [4ms]
2022-12-13 20:21:09.433 [info] > git status -z -uall [23ms]
2022-12-13 20:24:29.680 [warning] No remotes found in the git config file.
2022-12-13 20:24:29.682 [info] > git remote --verbose [2ms]
2022-12-13 20:24:29.683 [info] > git for-each-ref --format=%(refname)%00%(upstream:short)%00%(objectname)%00%(upstream:track)%00%(upstream:remotename)%00%(upstream:remoteref) refs/heads/master refs/remotes/master [8ms]
2022-12-13 20:24:29.683 [info] > git config --get commit.template [15ms]
2022-12-13 20:24:29.697 [info] > git for-each-ref --sort -committerdate --format %(refname) %(objectname) %(*objectname) [3ms]
2022-12-13 20:24:29.712 [info] > git status -z -uall [23ms]
2022-12-13 20:25:51.076 [warning] No remotes found in the git config file.
2022-12-13 20:25:51.077 [info] > git for-each-ref --format=%(refname)%00%(upstream:short)%00%(objectname)%00%(upstream:track)%00%(upstream:remotename)%00%(upstream:remoteref) refs/heads/master refs/remotes/master [9ms]
2022-12-13 20:25:51.077 [info] > git config --get commit.template [16ms]
2022-12-13 20:25:51.078 [info] > git remote --verbose [2ms]
2022-12-13 20:25:51.096 [info] > git for-each-ref --sort -committerdate --format %(refname) %(objectname) %(*objectname) [3ms]
2022-12-13 20:25:51.109 [info] > git status -z -uall [25ms]
2022-12-13 20:25:56.131 [warning] No remotes found in the git config file.
2022-12-13 20:25:56.132 [info] > git for-each-ref --format=%(refname)%00%(upstream:short)%00%(objectname)%00%(upstream:track)%00%(upstream:remotename)%00%(upstream:remoteref) refs/heads/master refs/remotes/master [7ms]
2022-12-13 20:25:56.133 [info] > git config --get commit.template [15ms]
2022-12-13 20:25:56.133 [info] > git remote --verbose [2ms]
2022-12-13 20:25:56.150 [info] > git for-each-ref --sort -committerdate --format %(refname) %(objectname) %(*objectname) [4ms]
2022-12-13 20:25:56.164 [info] > git status -z -uall [25ms]
2022-12-13 20:29:47.084 [warning] No remotes found in the git config file.
2022-12-13 20:29:47.085 [info] > git for-each-ref --format=%(refname)%00%(upstream:short)%00%(objectname)%00%(upstream:track)%00%(upstream:remotename)%00%(upstream:remoteref) refs/heads/master refs/remotes/master [7ms]
2022-12-13 20:29:47.086 [info] > git config --get commit.template [14ms]
2022-12-13 20:29:47.086 [info] > git remote --verbose [2ms]
2022-12-13 20:29:47.103 [info] > git for-each-ref --sort -committerdate --format %(refname) %(objectname) %(*objectname) [4ms]
2022-12-13 20:29:47.116 [info] > git status -z -uall [25ms]
2022-12-13 20:29:52.140 [warning] No remotes found in the git config file.
2022-12-13 20:29:52.141 [info] > git for-each-ref --format=%(refname)%00%(upstream:short)%00%(objectname)%00%(upstream:track)%00%(upstream:remotename)%00%(upstream:remoteref) refs/heads/master refs/remotes/master [8ms]
2022-12-13 20:29:52.141 [info] > git config --get commit.template [15ms]
2022-12-13 20:29:52.142 [info] > git remote --verbose [2ms]
2022-12-13 20:29:52.161 [info] > git for-each-ref --sort -committerdate --format %(refname) %(objectname) %(*objectname) [4ms]
2022-12-13 20:29:52.174 [info] > git status -z -uall [26ms]
2022-12-13 20:29:57.198 [warning] No remotes found in the git config file.
2022-12-13 20:29:57.199 [info] > git for-each-ref --format=%(refname)%00%(upstream:short)%00%(objectname)%00%(upstream:track)%00%(upstream:remotename)%00%(upstream:remoteref) refs/heads/master refs/remotes/master [8ms]
2022-12-13 20:29:57.199 [info] > git config --get commit.template [15ms]
2022-12-13 20:29:57.199 [info] > git remote --verbose [2ms]
2022-12-13 20:29:57.228 [info] > git for-each-ref --sort -committerdate --format %(refname) %(objectname) %(*objectname) [4ms]
2022-12-13 20:29:57.235 [info] > git status -z -uall [25ms]
2022-12-13 20:30:00.728 [info] > git show --textconv :project_001/file1-1 [8ms]
2022-12-13 20:30:00.730 [info] > git ls-files --stage -- /home/kumudinicloud001/project_001/file1-1 [2ms]
2022-12-13 20:30:00.738 [info] > git cat-file -s aef5d51758a66e1cd094686cde2b64bfa8031ecf [2ms]
2022-12-13 20:30:02.263 [warning] No remotes found in the git config file.
2022-12-13 20:30:02.264 [info] > git for-each-ref --format=%(refname)%00%(upstream:short)%00%(objectname)%00%(upstream:track)%00%(upstream:remotename)%00%(upstream:remoteref) refs/heads/master refs/remotes/master [10ms]
2022-12-13 20:30:02.265 [info] > git config --get commit.template [19ms]
2022-12-13 20:30:02.265 [info] > git remote --verbose [2ms]
2022-12-13 20:30:02.288 [info] > git for-each-ref --sort -committerdate --format %(refname) %(objectname) %(*objectname) [4ms]
2022-12-13 20:30:02.301 [info] > git status -z -uall [28ms]
2022-12-13 20:30:07.329 [warning] No remotes found in the git config file.
2022-12-13 20:30:07.331 [info] > git config --get commit.template [17ms]
2022-12-13 20:30:07.331 [info] > git remote --verbose [2ms]
2022-12-13 20:30:07.332 [info] > git for-each-ref --format=%(refname)%00%(upstream:short)%00%(objectname)%00%(upstream:track)%00%(upstream:remotename)%00%(upstream:remoteref) refs/heads/master refs/remotes/master [10ms]
2022-12-13 20:30:07.357 [info] > git for-each-ref --sort -committerdate --format %(refname) %(objectname) %(*objectname) [5ms]
2022-12-13 20:30:07.366 [info] > git status -z -uall [27ms]
2022-12-13 20:30:12.395 [warning] No remotes found in the git config file.
2022-12-13 20:30:12.397 [info] > git for-each-ref --format=%(refname)%00%(upstream:short)%00%(objectname)%00%(upstream:track)%00%(upstream:remotename)%00%(upstream:remoteref) refs/heads/master refs/remotes/master [9ms]
2022-12-13 20:30:12.397 [info] > git config --get commit.template [17ms]
2022-12-13 20:30:12.397 [info] > git remote --verbose [2ms]
2022-12-13 20:30:12.415 [info] > git for-each-ref --sort -committerdate --format %(refname) %(objectname) %(*objectname) [4ms]
2022-12-13 20:30:12.430 [info] > git status -z -uall [26ms]
2022-12-13 20:30:17.451 [warning] No remotes found in the git config file.
2022-12-13 20:30:17.452 [info] > git for-each-ref --format=%(refname)%00%(upstream:short)%00%(objectname)%00%(upstream:track)%00%(upstream:remotename)%00%(upstream:remoteref) refs/heads/master refs/remotes/master [6ms]
2022-12-13 20:30:17.452 [info] > git config --get commit.template [14ms]
2022-12-13 20:30:17.452 [info] > git remote --verbose [2ms]
2022-12-13 20:30:17.470 [info] > git for-each-ref --sort -committerdate --format %(refname) %(objectname) %(*objectname) [4ms]
2022-12-13 20:30:17.484 [info] > git status -z -uall [26ms]
2022-12-13 20:30:22.508 [warning] No remotes found in the git config file.
2022-12-13 20:30:22.509 [info] > git for-each-ref --format=%(refname)%00%(upstream:short)%00%(objectname)%00%(upstream:track)%00%(upstream:remotename)%00%(upstream:remoteref) refs/heads/master refs/remotes/master [8ms]
2022-12-13 20:30:22.509 [info] > git config --get commit.template [15ms]
2022-12-13 20:30:22.510 [info] > git remote --verbose [2ms]
2022-12-13 20:30:22.526 [info] > git for-each-ref --sort -committerdate --format %(refname) %(objectname) %(*objectname) [4ms]
2022-12-13 20:30:22.540 [info] > git status -z -uall [25ms]
2022-12-13 20:30:45.412 [warning] No remotes found in the git config file.
2022-12-13 20:30:45.414 [info] > git for-each-ref --format=%(refname)%00%(upstream:short)%00%(objectname)%00%(upstream:track)%00%(upstream:remotename)%00%(upstream:remoteref) refs/heads/master refs/remotes/master [9ms]
2022-12-13 20:30:45.415 [info] > git config --get commit.template [16ms]
2022-12-13 20:30:45.415 [info] > git remote --verbose [3ms]
2022-12-13 20:30:45.437 [info] > git for-each-ref --sort -committerdate --format %(refname) %(objectname) %(*objectname) [4ms]
2022-12-13 20:30:45.450 [info] > git status -z -uall [29ms]
2022-12-13 20:30:50.476 [warning] No remotes found in the git config file.
2022-12-13 20:30:50.477 [info] > git remote --verbose [2ms]
2022-12-13 20:30:50.478 [info] > git for-each-ref --format=%(refname)%00%(upstream:short)%00%(objectname)%00%(upstream:track)%00%(upstream:remotename)%00%(upstream:remoteref) refs/heads/master refs/remotes/master [9ms]
2022-12-13 20:30:50.478 [info] > git config --get commit.template [17ms]
2022-12-13 20:30:50.500 [info] > git for-each-ref --sort -committerdate --format %(refname) %(objectname) %(*objectname) [5ms]
2022-12-13 20:30:50.508 [info] > git status -z -uall [24ms]
2022-12-13 20:30:55.539 [warning] No remotes found in the git config file.
2022-12-13 20:30:55.540 [info] > git for-each-ref --format=%(refname)%00%(upstream:short)%00%(objectname)%00%(upstream:track)%00%(upstream:remotename)%00%(upstream:remoteref) refs/heads/master refs/remotes/master [11ms]
2022-12-13 20:30:55.540 [info] > git config --get commit.template [21ms]
2022-12-13 20:30:55.543 [info] > git remote --verbose [4ms]
2022-12-13 20:30:55.575 [info] > git for-each-ref --sort -committerdate --format %(refname) %(objectname) %(*objectname) [9ms]
2022-12-13 20:30:55.593 [info] > git status -z -uall [42ms]
2022-12-13 20:31:00.625 [warning] No remotes found in the git config file.
2022-12-13 20:31:00.626 [info] > git for-each-ref --format=%(refname)%00%(upstream:short)%00%(objectname)%00%(upstream:track)%00%(upstream:remotename)%00%(upstream:remoteref) refs/heads/master refs/remotes/master [10ms]
2022-12-13 20:31:00.626 [info] > git config --get commit.template [21ms]
2022-12-13 20:31:00.629 [info] > git remote --verbose [5ms]
2022-12-13 20:31:00.657 [info] > git for-each-ref --sort -committerdate --format %(refname) %(objectname) %(*objectname) [6ms]
2022-12-13 20:31:00.676 [info] > git status -z -uall [39ms]
2022-12-13 20:31:05.705 [warning] No remotes found in the git config file.
2022-12-13 20:31:05.706 [info] > git for-each-ref --format=%(refname)%00%(upstream:short)%00%(objectname)%00%(upstream:track)%00%(upstream:remotename)%00%(upstream:remoteref) refs/heads/master refs/remotes/master [10ms]
2022-12-13 20:31:05.706 [info] > git config --get commit.template [19ms]
2022-12-13 20:31:05.711 [info] > git remote --verbose [6ms]
2022-12-13 20:31:05.738 [info] > git for-each-ref --sort -committerdate --format %(refname) %(objectname) %(*objectname) [6ms]
2022-12-13 20:31:05.756 [info] > git status -z -uall [38ms]
2022-12-13 20:31:10.772 [info] > git config --get commit.template [1ms]
2022-12-13 20:31:10.790 [warning] No remotes found in the git config file.
2022-12-13 20:31:10.791 [info] > git for-each-ref --format=%(refname)%00%(upstream:short)%00%(objectname)%00%(upstream:track)%00%(upstream:remotename)%00%(upstream:remoteref) refs/heads/master refs/remotes/master [8ms]
2022-12-13 20:31:10.792 [info] > git remote --verbose [2ms]
2022-12-13 20:31:10.816 [info] > git for-each-ref --sort -committerdate --format %(refname) %(objectname) %(*objectname) [5ms]
2022-12-13 20:31:10.828 [info] > git status -z -uall [29ms]
2022-12-13 20:31:15.866 [warning] No remotes found in the git config file.
2022-12-13 20:31:15.868 [info] > git for-each-ref --format=%(refname)%00%(upstream:short)%00%(objectname)%00%(upstream:track)%00%(upstream:remotename)%00%(upstream:remoteref) refs/heads/master refs/remotes/master [14ms]
2022-12-13 20:31:15.868 [info] > git config --get commit.template [25ms]
2022-12-13 20:31:15.871 [info] > git remote --verbose [5ms]
2022-12-13 20:31:15.913 [info] > git for-each-ref --sort -committerdate --format %(refname) %(objectname) %(*objectname) [23ms]
2022-12-13 20:31:15.922 [info] > git status -z -uall [43ms]
2022-12-13 20:31:20.963 [warning] No remotes found in the git config file.
2022-12-13 20:31:20.964 [info] > git for-each-ref --format=%(refname)%00%(upstream:short)%00%(objectname)%00%(upstream:track)%00%(upstream:remotename)%00%(upstream:remoteref) refs/heads/master refs/remotes/master [11ms]
2022-12-13 20:31:20.964 [info] > git config --get commit.template [21ms]
2022-12-13 20:31:20.967 [info] > git remote --verbose [4ms]
2022-12-13 20:31:20.995 [info] > git for-each-ref --sort -committerdate --format %(refname) %(objectname) %(*objectname) [10ms]
2022-12-13 20:31:21.013 [info] > git status -z -uall [38ms]
2022-12-13 20:31:26.048 [warning] No remotes found in the git config file.
2022-12-13 20:31:26.049 [info] > git for-each-ref --format=%(refname)%00%(upstream:short)%00%(objectname)%00%(upstream:track)%00%(upstream:remotename)%00%(upstream:remoteref) refs/heads/master refs/remotes/master [12ms]
2022-12-13 20:31:26.049 [info] > git config --get commit.template [23ms]
2022-12-13 20:31:26.052 [info] > git remote --verbose [4ms]
2022-12-13 20:31:26.082 [info] > git for-each-ref --sort -committerdate --format %(refname) %(objectname) %(*objectname) [7ms]
2022-12-13 20:31:26.099 [info] > git status -z -uall [38ms]
2022-12-13 20:31:31.115 [info] > git config --get commit.template [1ms]
2022-12-13 20:31:31.128 [warning] No remotes found in the git config file.
2022-12-13 20:31:31.129 [info] > git for-each-ref --format=%(refname)%00%(upstream:short)%00%(objectname)%00%(upstream:track)%00%(upstream:remotename)%00%(upstream:remoteref) refs/heads/master refs/remotes/master [8ms]
2022-12-13 20:31:31.130 [info] > git remote --verbose [2ms]
2022-12-13 20:31:31.154 [info] > git for-each-ref --sort -committerdate --format %(refname) %(objectname) %(*objectname) [6ms]
2022-12-13 20:31:31.163 [info] > git status -z -uall [24ms]
2022-12-13 20:31:36.198 [warning] No remotes found in the git config file.
2022-12-13 20:31:36.199 [info] > git for-each-ref --format=%(refname)%00%(upstream:short)%00%(objectname)%00%(upstream:track)%00%(upstream:remotename)%00%(upstream:remoteref) refs/heads/master refs/remotes/master [10ms]
2022-12-13 20:31:36.200 [info] > git config --get commit.template [24ms]
2022-12-13 20:31:36.203 [info] > git remote --verbose [5ms]
2022-12-13 20:31:36.236 [info] > git for-each-ref --sort -committerdate --format %(refname) %(objectname) %(*objectname) [6ms]
2022-12-13 20:31:36.258 [info] > git status -z -uall [47ms]
2022-12-13 20:31:41.282 [warning] No remotes found in the git config file.
2022-12-13 20:31:41.283 [info] > git for-each-ref --format=%(refname)%00%(upstream:short)%00%(objectname)%00%(upstream:track)%00%(upstream:remotename)%00%(upstream:remoteref) refs/heads/master refs/remotes/master [7ms]
2022-12-13 20:31:41.283 [info] > git config --get commit.template [15ms]
2022-12-13 20:31:41.283 [info] > git remote --verbose [2ms]
2022-12-13 20:31:41.301 [info] > git for-each-ref --sort -committerdate --format %(refname) %(objectname) %(*objectname) [4ms]
2022-12-13 20:31:41.314 [info] > git status -z -uall [25ms]
2022-12-13 20:31:46.378 [warning] No remotes found in the git config file.
2022-12-13 20:31:46.379 [info] > git for-each-ref --format=%(refname)%00%(upstream:short)%00%(objectname)%00%(upstream:track)%00%(upstream:remotename)%00%(upstream:remoteref) refs/heads/master refs/remotes/master [25ms]
2022-12-13 20:31:46.380 [info] > git config --get commit.template [46ms]
2022-12-13 20:31:46.387 [info] > git remote --verbose [9ms]
2022-12-13 20:31:46.428 [info] > git for-each-ref --sort -committerdate --format %(refname) %(objectname) %(*objectname) [10ms]
2022-12-13 20:31:46.444 [info] > git status -z -uall [47ms]
2022-12-13 20:31:51.476 [warning] No remotes found in the git config file.
2022-12-13 20:31:51.477 [info] > git for-each-ref --format=%(refname)%00%(upstream:short)%00%(objectname)%00%(upstream:track)%00%(upstream:remotename)%00%(upstream:remoteref) refs/heads/master refs/remotes/master [10ms]
2022-12-13 20:31:51.477 [info] > git config --get commit.template [20ms]
2022-12-13 20:31:51.480 [info] > git remote --verbose [4ms]
2022-12-13 20:31:51.509 [info] > git for-each-ref --sort -committerdate --format %(refname) %(objectname) %(*objectname) [8ms]
2022-12-13 20:31:51.527 [info] > git status -z -uall [39ms]
2022-12-13 20:31:56.564 [warning] No remotes found in the git config file.
2022-12-13 20:31:56.565 [info] > git for-each-ref --format=%(refname)%00%(upstream:short)%00%(objectname)%00%(upstream:track)%00%(upstream:remotename)%00%(upstream:remoteref) refs/heads/master refs/remotes/master [12ms]
2022-12-13 20:31:56.565 [info] > git config --get commit.template [24ms]
2022-12-13 20:31:56.568 [info] > git remote --verbose [5ms]
2022-12-13 20:31:56.600 [info] > git for-each-ref --sort -committerdate --format %(refname) %(objectname) %(*objectname) [9ms]
2022-12-13 20:31:56.620 [info] > git status -z -uall [43ms]
2022-12-13 20:32:01.651 [warning] No remotes found in the git config file.
2022-12-13 20:32:01.652 [info] > git config --get commit.template [20ms]
2022-12-13 20:32:01.652 [info] > git for-each-ref --format=%(refname)%00%(upstream:short)%00%(objectname)%00%(upstream:track)%00%(upstream:remotename)%00%(upstream:remoteref) refs/heads/master refs/remotes/master [11ms]
2022-12-13 20:32:01.655 [info] > git remote --verbose [4ms]
2022-12-13 20:32:01.686 [info] > git for-each-ref --sort -committerdate --format %(refname) %(objectname) %(*objectname) [13ms]
2022-12-13 20:32:01.704 [info] > git status -z -uall [41ms]
2022-12-13 20:32:06.737 [warning] No remotes found in the git config file.
2022-12-13 20:32:06.738 [info] > git for-each-ref --format=%(refname)%00%(upstream:short)%00%(objectname)%00%(upstream:track)%00%(upstream:remotename)%00%(upstream:remoteref) refs/heads/master refs/remotes/master [10ms]
2022-12-13 20:32:06.738 [info] > git config --get commit.template [19ms]
2022-12-13 20:32:06.741 [info] > git remote --verbose [4ms]
2022-12-13 20:32:06.767 [info] > git for-each-ref --sort -committerdate --format %(refname) %(objectname) %(*objectname) [10ms]
2022-12-13 20:32:06.785 [info] > git status -z -uall [37ms]
2022-12-13 20:32:11.830 [warning] No remotes found in the git config file.
2022-12-13 20:32:11.832 [info] > git for-each-ref --format=%(refname)%00%(upstream:short)%00%(objectname)%00%(upstream:track)%00%(upstream:remotename)%00%(upstream:remoteref) refs/heads/master refs/remotes/master [13ms]
2022-12-13 20:32:11.833 [info] > git config --get commit.template [27ms]
2022-12-13 20:32:11.836 [info] > git remote --verbose [6ms]
2022-12-13 20:32:11.876 [info] > git for-each-ref --sort -committerdate --format %(refname) %(objectname) %(*objectname) [16ms]
2022-12-13 20:32:11.886 [info] > git status -z -uall [41ms]
2022-12-13 20:32:16.920 [warning] No remotes found in the git config file.
2022-12-13 20:32:16.922 [info] > git for-each-ref --format=%(refname)%00%(upstream:short)%00%(objectname)%00%(upstream:track)%00%(upstream:remotename)%00%(upstream:remoteref) refs/heads/master refs/remotes/master [11ms]
2022-12-13 20:32:16.922 [info] > git config --get commit.template [23ms]
2022-12-13 20:32:16.925 [info] > git remote --verbose [5ms]
2022-12-13 20:32:16.955 [info] > git for-each-ref --sort -committerdate --format %(refname) %(objectname) %(*objectname) [10ms]
2022-12-13 20:32:16.979 [info] > git status -z -uall [46ms]
2022-12-13 20:32:22.018 [warning] No remotes found in the git config file.
2022-12-13 20:32:22.021 [info] > git for-each-ref --format=%(refname)%00%(upstream:short)%00%(objectname)%00%(upstream:track)%00%(upstream:remotename)%00%(upstream:remoteref) refs/heads/master refs/remotes/master [14ms]
2022-12-13 20:32:22.022 [info] > git config --get commit.template [28ms]
2022-12-13 20:32:22.026 [info] > git remote --verbose [8ms]
2022-12-13 20:32:22.046 [info] > git for-each-ref --sort -committerdate --format %(refname) %(objectname) %(*objectname) [4ms]
2022-12-13 20:32:22.081 [info] > git status -z -uall [47ms]
2022-12-13 20:32:48.149 [warning] No remotes found in the git config file.
2022-12-13 20:32:48.156 [info] > git remote --verbose [3ms]
2022-12-13 20:32:48.156 [info] > git for-each-ref --format=%(refname)%00%(upstream:short)%00%(objectname)%00%(upstream:track)%00%(upstream:remotename)%00%(upstream:remoteref) refs/heads/master refs/remotes/master [22ms]
2022-12-13 20:32:48.156 [info] > git config --get commit.template [35ms]
2022-12-13 20:32:48.195 [info] > git for-each-ref --sort -committerdate --format %(refname) %(objectname) %(*objectname) [6ms]
2022-12-13 20:32:48.225 [info] > git status -z -uall [58ms]
2022-12-13 20:32:53.261 [warning] No remotes found in the git config file.
2022-12-13 20:32:53.262 [info] > git for-each-ref --format=%(refname)%00%(upstream:short)%00%(objectname)%00%(upstream:track)%00%(upstream:remotename)%00%(upstream:remoteref) refs/heads/master refs/remotes/master [11ms]
2022-12-13 20:32:53.263 [info] > git config --get commit.template [22ms]
2022-12-13 20:32:53.266 [info] > git remote --verbose [5ms]
2022-12-13 20:32:53.305 [info] > git for-each-ref --sort -committerdate --format %(refname) %(objectname) %(*objectname) [20ms]
2022-12-13 20:32:53.316 [info] > git status -z -uall [41ms]
2022-12-13 20:32:58.357 [warning] No remotes found in the git config file.
2022-12-13 20:32:58.357 [info] > git config --get commit.template [21ms]
2022-12-13 20:32:58.358 [info] > git remote --verbose [2ms]
2022-12-13 20:32:58.359 [info] > git for-each-ref --format=%(refname)%00%(upstream:short)%00%(objectname)%00%(upstream:track)%00%(upstream:remotename)%00%(upstream:remoteref) refs/heads/master refs/remotes/master [13ms]
2022-12-13 20:32:58.388 [info] > git for-each-ref --sort -committerdate --format %(refname) %(objectname) %(*objectname) [12ms]
2022-12-13 20:32:58.409 [info] > git status -z -uall [41ms]
2022-12-13 20:33:03.427 [info] > git config --get commit.template [2ms]
2022-12-13 20:33:03.449 [warning] No remotes found in the git config file.
2022-12-13 20:33:03.453 [info] > git for-each-ref --format=%(refname)%00%(upstream:short)%00%(objectname)%00%(upstream:track)%00%(upstream:remotename)%00%(upstream:remoteref) refs/heads/master refs/remotes/master [12ms]
2022-12-13 20:33:03.454 [info] > git remote --verbose [6ms]
2022-12-13 20:33:03.549 [info] > git for-each-ref --sort -committerdate --format %(refname) %(objectname) %(*objectname) [31ms]
2022-12-13 20:33:03.584 [info] > git status -z -uall [113ms]
2022-12-13 20:33:08.609 [warning] No remotes found in the git config file.
2022-12-13 20:33:08.610 [info] > git for-each-ref --format=%(refname)%00%(upstream:short)%00%(objectname)%00%(upstream:track)%00%(upstream:remotename)%00%(upstream:remoteref) refs/heads/master refs/remotes/master [7ms]
2022-12-13 20:33:08.611 [info] > git config --get commit.template [14ms]
2022-12-13 20:33:08.611 [info] > git remote --verbose [2ms]
2022-12-13 20:33:08.628 [info] > git for-each-ref --sort -committerdate --format %(refname) %(objectname) %(*objectname) [3ms]
2022-12-13 20:33:08.641 [info] > git status -z -uall [24ms]
2022-12-13 20:33:13.665 [warning] No remotes found in the git config file.
2022-12-13 20:33:13.666 [info] > git for-each-ref --format=%(refname)%00%(upstream:short)%00%(objectname)%00%(upstream:track)%00%(upstream:remotename)%00%(upstream:remoteref) refs/heads/master refs/remotes/master [8ms]
2022-12-13 20:33:13.666 [info] > git config --get commit.template [15ms]
2022-12-13 20:33:13.667 [info] > git remote --verbose [3ms]
2022-12-13 20:33:13.685 [info] > git for-each-ref --sort -committerdate --format %(refname) %(objectname) %(*objectname) [4ms]
2022-12-13 20:33:13.698 [info] > git status -z -uall [25ms]
2022-12-13 20:33:17.581 [info] > git ls-files --stage -- /home/kumudinicloud001/project_001/file1-1 [3ms]
2022-12-13 20:33:17.589 [info] > git cat-file -s aef5d51758a66e1cd094686cde2b64bfa8031ecf [2ms]
2022-12-13 20:33:17.614 [info] > git show --textconv :project_001/file1-1 [3ms]
2022-12-13 20:33:18.721 [warning] No remotes found in the git config file.
2022-12-13 20:33:18.723 [info] > git for-each-ref --format=%(refname)%00%(upstream:short)%00%(objectname)%00%(upstream:track)%00%(upstream:remotename)%00%(upstream:remoteref) refs/heads/master refs/remotes/master [7ms]
2022-12-13 20:33:18.723 [info] > git config --get commit.template [15ms]
2022-12-13 20:33:18.723 [info] > git remote --verbose [2ms]
2022-12-13 20:33:18.740 [info] > git for-each-ref --sort -committerdate --format %(refname) %(objectname) %(*objectname) [3ms]
2022-12-13 20:33:18.754 [info] > git status -z -uall [25ms]
2022-12-13 20:33:23.778 [warning] No remotes found in the git config file.
2022-12-13 20:33:23.780 [info] > git for-each-ref --format=%(refname)%00%(upstream:short)%00%(objectname)%00%(upstream:track)%00%(upstream:remotename)%00%(upstream:remoteref) refs/heads/master refs/remotes/master [8ms]
2022-12-13 20:33:23.780 [info] > git config --get commit.template [17ms]
2022-12-13 20:33:23.781 [info] > git remote --verbose [3ms]
2022-12-13 20:33:23.798 [info] > git for-each-ref --sort -committerdate --format %(refname) %(objectname) %(*objectname) [4ms]
2022-12-13 20:33:23.812 [info] > git status -z -uall [25ms]
